<?xml version="1.0" encoding="UTF-8"?>
<testsuite name="co.com.mrcompany.consumer.RestConsumerTest" tests="1" skipped="0" failures="0" errors="0" timestamp="2025-09-02T17:41:52.483Z" hostname="DESKTOP-TOJ04LP" time="1.196">
  <properties/>
  <testcase name="Validate the function testGet." classname="co.com.mrcompany.consumer.RestConsumerTest" time="1.196"/>
  <system-out><![CDATA[]]></system-out>
  <system-err><![CDATA[]]></system-err>
</testsuite>
