<?xml version="1.0" encoding="UTF-8"?>
<testsuite name="co.com.mrcompany.usecase.loanapplication.ApplicationUseCaseTest" tests="4" skipped="0" failures="0" errors="0" timestamp="2025-09-02T17:54:26.212Z" hostname="DESKTOP-TOJ04LP" time="2.307">
  <properties/>
  <testcase name="findAllApp()" classname="co.com.mrcompany.usecase.loanapplication.ApplicationUseCaseTest" time="2.207"/>
  <testcase name="findAByEmailApp()" classname="co.com.mrcompany.usecase.loanapplication.ApplicationUseCaseTest" time="0.011"/>
  <testcase name="findByIdApp()" classname="co.com.mrcompany.usecase.loanapplication.ApplicationUseCaseTest" time="0.078"/>
  <testcase name="saveApp()" classname="co.com.mrcompany.usecase.loanapplication.ApplicationUseCaseTest" time="0.005"/>
  <system-out><![CDATA[]]></system-out>
  <system-err><![CDATA[]]></system-err>
</testsuite>
