<?xml version="1.0" encoding="UTF-8"?>
<testsuite name="co.com.mrcompany.r2dbc.LoanTypeRepositoryAdapterTest" tests="4" skipped="0" failures="0" errors="0" timestamp="2025-09-02T17:41:48.857Z" hostname="DESKTOP-TOJ04LP" time="0.558">
  <properties/>
  <testcase name="mustSaveValue()" classname="co.com.mrcompany.r2dbc.LoanTypeRepositoryAdapterTest" time="0.533"/>
  <testcase name="mustFindValueById()" classname="co.com.mrcompany.r2dbc.LoanTypeRepositoryAdapterTest" time="0.008"/>
  <testcase name="mustFindAllValues()" classname="co.com.mrcompany.r2dbc.LoanTypeRepositoryAdapterTest" time="0.008"/>
  <testcase name="mustFindByExample()" classname="co.com.mrcompany.r2dbc.LoanTypeRepositoryAdapterTest" time="0.005"/>
  <system-out><![CDATA[]]></system-out>
  <system-err><![CDATA[]]></system-err>
</testsuite>
