<?xml version="1.0" encoding="UTF-8"?>
<testsuite name="co.com.mrcompany.r2dbc.config.MySQLConnectionPoolTest" tests="1" skipped="0" failures="0" errors="0" timestamp="2025-09-02T17:41:49.615Z" hostname="DESKTOP-TOJ04LP" time="1.657">
  <properties/>
  <testcase name="getConnectionConfigSuccess()" classname="co.com.mrcompany.r2dbc.config.MySQLConnectionPoolTest" time="1.657"/>
  <system-out><![CDATA[]]></system-out>
  <system-err><![CDATA[]]></system-err>
</testsuite>
