<?xml version="1.0" encoding="UTF-8"?>
<testsuite name="co.com.mrcompany.config.ObjectMapperConfigTest" tests="1" skipped="0" failures="0" errors="0" timestamp="2025-09-02T17:41:56.532Z" hostname="DESKTOP-TOJ04LP" time="0.568">
  <properties/>
  <testcase name="testObjectMapperBean()" classname="co.com.mrcompany.config.ObjectMapperConfigTest" time="0.568"/>
  <system-out><![CDATA[]]></system-out>
  <system-err><![CDATA[]]></system-err>
</testsuite>
