<?xml version="1.0" encoding="UTF-8"?>
<testsuite name="co.com.mrcompany.config.UseCasesConfigTest" tests="1" skipped="0" failures="1" errors="0" timestamp="2025-09-02T17:41:57.101Z" hostname="DESKTOP-TOJ04LP" time="0.083">
  <properties/>
  <testcase name="testUseCaseBeansExist()" classname="co.com.mrcompany.config.UseCasesConfigTest" time="0.083">
    <failure message="org.springframework.beans.factory.UnsatisfiedDependencyException: Error creating bean with name 'applicationCommandUseCase' defined in URL [jar:file:/D:/Projects/Java/CrediYa/MicroservicioSolicitudes/domain/usecase/build/libs/usecase.jar!/co/com/mrcompany/usecase/loanapplication/ApplicationCommandUseCase.class]: Unsatisfied dependency expressed through constructor parameter 0: No qualifying bean of type 'co.com.mrcompany.model.application.gateways.ApplicationRepository' available: expected at least 1 bean which qualifies as autowire candidate. Dependency annotations: {}" type="org.springframework.beans.factory.UnsatisfiedDependencyException">org.springframework.beans.factory.UnsatisfiedDependencyException: Error creating bean with name 'applicationCommandUseCase' defined in URL [jar:file:/D:/Projects/Java/CrediYa/MicroservicioSolicitudes/domain/usecase/build/libs/usecase.jar!/co/com/mrcompany/usecase/loanapplication/ApplicationCommandUseCase.class]: Unsatisfied dependency expressed through constructor parameter 0: No qualifying bean of type 'co.com.mrcompany.model.application.gateways.ApplicationRepository' available: expected at least 1 bean which qualifies as autowire candidate. Dependency annotations: {}
	at app//org.springframework.beans.factory.support.ConstructorResolver.createArgumentArray(ConstructorResolver.java:804)
	at app//org.springframework.beans.factory.support.ConstructorResolver.autowireConstructor(ConstructorResolver.java:240)
	at app//org.springframework.beans.factory.support.AbstractAutowireCapableBeanFactory.autowireConstructor(AbstractAutowireCapableBeanFactory.java:1395)
	at app//org.springframework.beans.factory.support.AbstractAutowireCapableBeanFactory.createBeanInstance(AbstractAutowireCapableBeanFactory.java:1232)
	at app//org.springframework.beans.factory.support.AbstractAutowireCapableBeanFactory.doCreateBean(AbstractAutowireCapableBeanFactory.java:569)
	at app//org.springframework.beans.factory.support.AbstractAutowireCapableBeanFactory.createBean(AbstractAutowireCapableBeanFactory.java:529)
	at app//org.springframework.beans.factory.support.AbstractBeanFactory.lambda$doGetBean$0(AbstractBeanFactory.java:339)
	at app//org.springframework.beans.factory.support.DefaultSingletonBeanRegistry.getSingleton(DefaultSingletonBeanRegistry.java:373)
	at app//org.springframework.beans.factory.support.AbstractBeanFactory.doGetBean(AbstractBeanFactory.java:337)
	at app//org.springframework.beans.factory.support.AbstractBeanFactory.getBean(AbstractBeanFactory.java:202)
	at app//org.springframework.beans.factory.support.DefaultListableBeanFactory.instantiateSingleton(DefaultListableBeanFactory.java:1222)
	at app//org.springframework.beans.factory.support.DefaultListableBeanFactory.preInstantiateSingleton(DefaultListableBeanFactory.java:1188)
	at app//org.springframework.beans.factory.support.DefaultListableBeanFactory.preInstantiateSingletons(DefaultListableBeanFactory.java:1123)
	at app//org.springframework.context.support.AbstractApplicationContext.finishBeanFactoryInitialization(AbstractApplicationContext.java:987)
	at app//org.springframework.context.support.AbstractApplicationContext.refresh(AbstractApplicationContext.java:627)
	at app//org.springframework.context.annotation.AnnotationConfigApplicationContext.&lt;init&gt;(AnnotationConfigApplicationContext.java:93)
	at app//co.com.mrcompany.config.UseCasesConfigTest.testUseCaseBeansExist(UseCasesConfigTest.java:14)
	at java.base@21.0.8/java.lang.reflect.Method.invoke(Method.java:580)
	at java.base@21.0.8/java.util.ArrayList.forEach(ArrayList.java:1596)
	at java.base@21.0.8/java.util.ArrayList.forEach(ArrayList.java:1596)
Caused by: org.springframework.beans.factory.NoSuchBeanDefinitionException: No qualifying bean of type 'co.com.mrcompany.model.application.gateways.ApplicationRepository' available: expected at least 1 bean which qualifies as autowire candidate. Dependency annotations: {}
	at app//org.springframework.beans.factory.support.DefaultListableBeanFactory.raiseNoMatchingBeanFound(DefaultListableBeanFactory.java:2284)
	at app//org.springframework.beans.factory.support.DefaultListableBeanFactory.doResolveDependency(DefaultListableBeanFactory.java:1708)
	at app//org.springframework.beans.factory.support.DefaultListableBeanFactory.resolveDependency(DefaultListableBeanFactory.java:1628)
	at app//org.springframework.beans.factory.support.ConstructorResolver.resolveAutowiredArgument(ConstructorResolver.java:913)
	at app//org.springframework.beans.factory.support.ConstructorResolver.createArgumentArray(ConstructorResolver.java:791)
	... 19 more
</failure>
  </testcase>
  <system-out><![CDATA[12:41:57.177 [Test worker] WARN org.springframework.context.annotation.AnnotationConfigApplicationContext -- Exception encountered during context initialization - cancelling refresh attempt: org.springframework.beans.factory.UnsatisfiedDependencyException: Error creating bean with name 'applicationCommandUseCase' defined in URL [jar:file:/D:/Projects/Java/CrediYa/MicroservicioSolicitudes/domain/usecase/build/libs/usecase.jar!/co/com/mrcompany/usecase/loanapplication/ApplicationCommandUseCase.class]: Unsatisfied dependency expressed through constructor parameter 0: No qualifying bean of type 'co.com.mrcompany.model.application.gateways.ApplicationRepository' available: expected at least 1 bean which qualifies as autowire candidate. Dependency annotations: {}
]]></system-out>
  <system-err><![CDATA[]]></system-err>
</testsuite>
